<?xml version="1.0" encoding="UTF-8"?>
<!-- Generated by org.testng.reporters.JUnitReportReporter -->
<testsuite hostname="DESKTOP-Q5CAG9J" failures="0" tests="3" name="com.app.qa.testcases.HomePageTest" time="89.338" errors="0" timestamp="11 May 2021 07:12:28 GMT" skipped="0">
  <testcase classname="com.app.qa.testcases.HomePageTest" name="ValidateTabs" time="19.702"/>
  <testcase classname="com.app.qa.testcases.HomePageTest" name="LogoDemositeImageTest" time="37.668"/>
  <testcase classname="com.app.qa.testcases.HomePageTest" name="validationOfHomePageTest" time="31.968"/>
</testsuite> <!-- com.app.qa.testcases.HomePageTest -->
