<?xml version="1.0" encoding="UTF-8"?>
<!-- Generated by org.testng.reporters.JUnitReportReporter -->
<testsuite hostname="DESKTOP-Q5CAG9J" failures="0" tests="3" name="com.app.qa.testcases.LoginPageTest" time="52.873" errors="0" timestamp="01 May 2021 04:51:41 GMT" skipped="0">
  <testcase classname="com.app.qa.testcases.LoginPageTest" name="validationOfLoginPageTest" time="16.941"/>
  <testcase classname="com.app.qa.testcases.LoginPageTest" name="LogoDemositeImageTest" time="17.171"/>
  <testcase classname="com.app.qa.testcases.LoginPageTest" name="loginTest" time="18.761"/>
</testsuite> <!-- com.app.qa.testcases.LoginPageTest -->
