<?xml version="1.0" encoding="UTF-8"?>
<!-- Generated by org.testng.reporters.JUnitReportReporter -->
<testsuite hostname="DESKTOP-Q5CAG9J" failures="0" tests="3" name="com.app.qa.testcases.LoginPageTest" time="48.704" errors="0" timestamp="11 May 2021 07:12:28 GMT" skipped="0">
  <testcase classname="com.app.qa.testcases.LoginPageTest" name="validationOfLoginPageTest" time="10.445"/>
  <testcase classname="com.app.qa.testcases.LoginPageTest" name="LogoDemositeImageTest" time="9.508"/>
  <testcase classname="com.app.qa.testcases.LoginPageTest" name="loginTest" time="28.751"/>
</testsuite> <!-- com.app.qa.testcases.LoginPageTest -->
